<?xml version="1.0" encoding="UTF-8"?>
<!-- Generated by org.testng.reporters.JUnitXMLReporter -->
<testsuite hostname="DESKTOP-V1DBEFP" name="Test" tests="1" failures="1" timestamp="22 Jan 2017 10:03:44 GMT" time="19.837" errors="0">
  <testcase name="checkPageTitle" time="0.188" classname="com.selenium.takeScreenshot.ScreenShotOnFail">
    <failure type="java.lang.AssertionError" message="expected [https://www.hsbc.co.in/1/2/homepag] but found [https://www.hsbc.co.in/1/2/homepage]">
      <![CDATA[java.lang.AssertionError: expected [https://www.hsbc.co.in/1/2/homepag] but found [https://www.hsbc.co.in/1/2/homepage]
	at com.selenium.takeScreenshot.ScreenShotOnFail.checkPageTitle(ScreenShotOnFail.java:44)
... Removed 29 stack frames]]>
    </failure>
  </testcase> <!-- checkPageTitle -->
</testsuite> <!-- Test -->
